0 info it worked if it ends with ok
1 verbose cli [ 'node', '/usr/local/bin/npm', 'install' ]
2 info using npm@1.3.5
3 info using node@v0.10.15
4 warn package.json scorebored@2.0.0-0.alpha No README data
5 verbose readDependencies using package.json deps
6 verbose install where, deps [ '/Users/mcgann/Code/Aptana/scorebored',
6 verbose install   [ 'lodash',
6 verbose install     'twitter-bootstrap-3.0.0',
6 verbose install     'jquery',
6 verbose install     'buster',
6 verbose install     'grunt',
6 verbose install     'grunt-contrib-yuidoc',
6 verbose install     'yuidocjs' ] ]
7 info preinstall scorebored@2.0.0-0.alpha
8 verbose readDependencies using package.json deps
9 verbose already installed skipping buster@0.6.x /Users/mcgann/Code/Aptana/scorebored
10 verbose already installed skipping twitter-bootstrap-3.0.0@3.0.x /Users/mcgann/Code/Aptana/scorebored
11 verbose cache add [ 'jquery@http://ajax.googleapis.com/ajax/libs/jquery/1.10.2/jquery.js',
11 verbose cache add   null ]
12 verbose cache add name=undefined spec="jquery@http://ajax.googleapis.com/ajax/libs/jquery/1.10.2/jquery.js" args=["jquery@http://ajax.googleapis.com/ajax/libs/jquery/1.10.2/jquery.js",null]
13 verbose parsed url { protocol: null,
13 verbose parsed url   slashes: null,
13 verbose parsed url   auth: null,
13 verbose parsed url   host: null,
13 verbose parsed url   port: null,
13 verbose parsed url   hostname: null,
13 verbose parsed url   hash: null,
13 verbose parsed url   search: null,
13 verbose parsed url   query: null,
13 verbose parsed url   pathname: 'jquery@http://ajax.googleapis.com/ajax/libs/jquery/1.10.2/jquery.js',
13 verbose parsed url   path: 'jquery@http://ajax.googleapis.com/ajax/libs/jquery/1.10.2/jquery.js',
13 verbose parsed url   href: 'jquery@http://ajax.googleapis.com/ajax/libs/jquery/1.10.2/jquery.js' }
14 verbose cache add name="jquery" spec="http://ajax.googleapis.com/ajax/libs/jquery/1.10.2/jquery.js" args=["jquery","http://ajax.googleapis.com/ajax/libs/jquery/1.10.2/jquery.js"]
15 verbose parsed url { protocol: 'http:',
15 verbose parsed url   slashes: true,
15 verbose parsed url   auth: null,
15 verbose parsed url   host: 'ajax.googleapis.com',
15 verbose parsed url   port: null,
15 verbose parsed url   hostname: 'ajax.googleapis.com',
15 verbose parsed url   hash: null,
15 verbose parsed url   search: null,
15 verbose parsed url   query: null,
15 verbose parsed url   pathname: '/ajax/libs/jquery/1.10.2/jquery.js',
15 verbose parsed url   path: '/ajax/libs/jquery/1.10.2/jquery.js',
15 verbose parsed url   href: 'http://ajax.googleapis.com/ajax/libs/jquery/1.10.2/jquery.js' }
16 verbose already installed skipping grunt@0.4.x /Users/mcgann/Code/Aptana/scorebored
17 verbose already installed skipping grunt-contrib-yuidoc@~0.4.0 /Users/mcgann/Code/Aptana/scorebored
18 verbose already installed skipping yuidocjs@0.3.x /Users/mcgann/Code/Aptana/scorebored
19 verbose already installed skipping lodash@2.2.x /Users/mcgann/Code/Aptana/scorebored
20 silly lockFile baed9f4f-jax-libs-jquery-1-10-2-jquery-js http://ajax.googleapis.com/ajax/libs/jquery/1.10.2/jquery.js
21 verbose lock http://ajax.googleapis.com/ajax/libs/jquery/1.10.2/jquery.js /Users/mcgann/.npm/baed9f4f-jax-libs-jquery-1-10-2-jquery-js.lock
22 verbose addRemoteTarball [ 'http://ajax.googleapis.com/ajax/libs/jquery/1.10.2/jquery.js',
22 verbose addRemoteTarball   null ]
23 info retry fetch attempt 1 at 08:10:33
24 verbose fetch to= /var/folders/m1/8vf5cgzs39qbf6hl4hw3dqsr0000gn/T/npm-28272--BG_9P0i/1381579833604-0.3178933865856379/tmp.tgz
25 http GET http://ajax.googleapis.com/ajax/libs/jquery/1.10.2/jquery.js
26 http 200 http://ajax.googleapis.com/ajax/libs/jquery/1.10.2/jquery.js
27 verbose tar unpack /var/folders/m1/8vf5cgzs39qbf6hl4hw3dqsr0000gn/T/npm-28272--BG_9P0i/1381579833604-0.3178933865856379/tmp.tgz
28 silly lockFile 48251f12-33604-0-3178933865856379-package tar:///var/folders/m1/8vf5cgzs39qbf6hl4hw3dqsr0000gn/T/npm-28272--BG_9P0i/1381579833604-0.3178933865856379/package
29 verbose lock tar:///var/folders/m1/8vf5cgzs39qbf6hl4hw3dqsr0000gn/T/npm-28272--BG_9P0i/1381579833604-0.3178933865856379/package /Users/mcgann/.npm/48251f12-33604-0-3178933865856379-package.lock
30 silly lockFile db9ebabb-33604-0-3178933865856379-tmp-tgz tar:///var/folders/m1/8vf5cgzs39qbf6hl4hw3dqsr0000gn/T/npm-28272--BG_9P0i/1381579833604-0.3178933865856379/tmp.tgz
31 verbose lock tar:///var/folders/m1/8vf5cgzs39qbf6hl4hw3dqsr0000gn/T/npm-28272--BG_9P0i/1381579833604-0.3178933865856379/tmp.tgz /Users/mcgann/.npm/db9ebabb-33604-0-3178933865856379-tmp-tgz.lock
32 silly gunzTarPerm modes [ '755', '644' ]
33 error not a package /var/folders/m1/8vf5cgzs39qbf6hl4hw3dqsr0000gn/T/npm-28272--BG_9P0i/1381579833604-0.3178933865856379/tmp.tgz
34 silly lockFile 48251f12-33604-0-3178933865856379-package tar:///var/folders/m1/8vf5cgzs39qbf6hl4hw3dqsr0000gn/T/npm-28272--BG_9P0i/1381579833604-0.3178933865856379/package
35 silly lockFile 48251f12-33604-0-3178933865856379-package tar:///var/folders/m1/8vf5cgzs39qbf6hl4hw3dqsr0000gn/T/npm-28272--BG_9P0i/1381579833604-0.3178933865856379/package
36 silly lockFile db9ebabb-33604-0-3178933865856379-tmp-tgz tar:///var/folders/m1/8vf5cgzs39qbf6hl4hw3dqsr0000gn/T/npm-28272--BG_9P0i/1381579833604-0.3178933865856379/tmp.tgz
37 silly lockFile db9ebabb-33604-0-3178933865856379-tmp-tgz tar:///var/folders/m1/8vf5cgzs39qbf6hl4hw3dqsr0000gn/T/npm-28272--BG_9P0i/1381579833604-0.3178933865856379/tmp.tgz
38 silly lockFile baed9f4f-jax-libs-jquery-1-10-2-jquery-js http://ajax.googleapis.com/ajax/libs/jquery/1.10.2/jquery.js
39 silly lockFile baed9f4f-jax-libs-jquery-1-10-2-jquery-js http://ajax.googleapis.com/ajax/libs/jquery/1.10.2/jquery.js
40 error Error: ENOENT, open '/var/folders/m1/8vf5cgzs39qbf6hl4hw3dqsr0000gn/T/npm-28272--BG_9P0i/1381579833604-0.3178933865856379/package/package.json'
41 error If you need help, you may report this log at:
41 error     <http://github.com/isaacs/npm/issues>
41 error or email it to:
41 error     <npm-@googlegroups.com>
42 error System Darwin 12.5.0
43 error command "node" "/usr/local/bin/npm" "install"
44 error cwd /Users/mcgann/Code/Aptana/scorebored/web/common/lib
45 error node -v v0.10.15
46 error npm -v 1.3.5
47 error path /var/folders/m1/8vf5cgzs39qbf6hl4hw3dqsr0000gn/T/npm-28272--BG_9P0i/1381579833604-0.3178933865856379/package/package.json
48 error code ENOENT
49 error errno 34
50 verbose exit [ 34, true ]
